<?xml version="1.0" encoding="UTF-8"?>
<testsuite xmlns:xsi="http://www.w3.org/2001/XMLSchema-instance" xsi:noNamespaceSchemaLocation="https://maven.apache.org/surefire/maven-surefire-plugin/xsd/surefire-test-report-3.0.xsd" version="3.0" name="com.microservice.user.SysUserApplicationTests" time="16.228" tests="1" errors="0" skipped="0" failures="0">
  <properties>
[...]
</properties>
  <testcase name="contextLoads" classname="com.microservice.user.SysUserApplicationTests" time="2.467">
    <system-out><![CDATA[Standard Commons Logging discovery in action with spring-jcl: please remove commons-logging.jar from classpath in order to avoid potential conflicts
23:55:07.351 [main] INFO org.springframework.test.context.support.AnnotationConfigContextLoaderUtils -- Could not detect default configuration classes for test class [com.microservice.user.SysUserApplicationTests]: SysUserApplicationTests does not declare any static, non-private, non-final, nested classes annotated with @Configuration.
23:55:07.438 [main] INFO org.springframework.boot.test.context.SpringBootTestContextBootstrapper -- Found @SpringBootConfiguration com.microservice.user.UserApplication for test class com.microservice.user.SysUserApplicationTests

  .   ____          _            __ _ _
 /\\ / ___'_ __ _ _(_)_ __  __ _ \ \ \ \
( ( )\___ | '_ | '_| | '_ \/ _` | \ \ \ \
 \\/  ___)| |_)| | | | | || (_| |  ) ) ) )
  '  |____| .__|_| |_|_| |_\__, | / / / /
 =========|_|==============|___/=/_/_/_/
 :: Spring Boot ::                (v3.2.5)

2024-05-30T23:55:07.811+07:00  INFO 14320 --- [user] [           main] c.m.user.SysUserApplicationTests         : Starting SysUserApplicationTests using Java 17.0.8 with PID 14320 (started by Asus in E:\Self-Project\Others\user)
2024-05-30T23:55:07.813+07:00  INFO 14320 --- [user] [           main] c.m.user.SysUserApplicationTests         : No active profile set, falling back to 1 default profile: "default"
2024-05-30T23:55:08.741+07:00  INFO 14320 --- [user] [           main] .s.d.r.c.RepositoryConfigurationDelegate : Multiple Spring Data modules found, entering strict repository configuration mode
2024-05-30T23:55:08.743+07:00  INFO 14320 --- [user] [           main] .s.d.r.c.RepositoryConfigurationDelegate : Bootstrapping Spring Data JPA repositories in DEFAULT mode.
2024-05-30T23:55:08.806+07:00  INFO 14320 --- [user] [           main] .s.d.r.c.RepositoryConfigurationDelegate : Finished Spring Data repository scanning in 55 ms. Found 3 JPA repository interfaces.
2024-05-30T23:55:08.844+07:00  INFO 14320 --- [user] [           main] .s.d.r.c.RepositoryConfigurationDelegate : Multiple Spring Data modules found, entering strict repository configuration mode
2024-05-30T23:55:08.845+07:00  INFO 14320 --- [user] [           main] .s.d.r.c.RepositoryConfigurationDelegate : Bootstrapping Spring Data MongoDB repositories in DEFAULT mode.
2024-05-30T23:55:08.851+07:00  INFO 14320 --- [user] [           main] .RepositoryConfigurationExtensionSupport : Spring Data MongoDB - Could not safely identify store assignment for repository candidate interface com.microservice.user.repository.AccountRepository; If you want this repository to be a MongoDB repository, consider annotating your entities with one of these annotations: org.springframework.data.mongodb.core.mapping.Document (preferred), or consider extending one of the following types with your repository: org.springframework.data.mongodb.repository.MongoRepository
2024-05-30T23:55:08.851+07:00  INFO 14320 --- [user] [           main] .RepositoryConfigurationExtensionSupport : Spring Data MongoDB - Could not safely identify store assignment for repository candidate interface com.microservice.user.repository.AccountVerifyTokenRepository; If you want this repository to be a MongoDB repository, consider annotating your entities with one of these annotations: org.springframework.data.mongodb.core.mapping.Document (preferred), or consider extending one of the following types with your repository: org.springframework.data.mongodb.repository.MongoRepository
2024-05-30T23:55:08.851+07:00  INFO 14320 --- [user] [           main] .RepositoryConfigurationExtensionSupport : Spring Data MongoDB - Could not safely identify store assignment for repository candidate interface com.microservice.user.repository.UserRepository; If you want this repository to be a MongoDB repository, consider annotating your entities with one of these annotations: org.springframework.data.mongodb.core.mapping.Document (preferred), or consider extending one of the following types with your repository: org.springframework.data.mongodb.repository.MongoRepository
2024-05-30T23:55:08.852+07:00  INFO 14320 --- [user] [           main] .s.d.r.c.RepositoryConfigurationDelegate : Finished Spring Data repository scanning in 6 ms. Found 0 MongoDB repository interfaces.
2024-05-30T23:55:09.457+07:00  INFO 14320 --- [user] [           main] o.hibernate.jpa.internal.util.LogHelper  : HHH000204: Processing PersistenceUnitInfo [name: default]
2024-05-30T23:55:09.523+07:00  INFO 14320 --- [user] [           main] org.hibernate.Version                    : HHH000412: Hibernate ORM core version 6.4.4.Final
2024-05-30T23:55:09.566+07:00  INFO 14320 --- [user] [           main] o.h.c.internal.RegionFactoryInitiator    : HHH000026: Second-level cache disabled
2024-05-30T23:55:09.841+07:00  INFO 14320 --- [user] [           main] o.s.o.j.p.SpringPersistenceUnitInfo      : No LoadTimeWeaver setup: ignoring JPA class transformer
2024-05-30T23:55:09.869+07:00  INFO 14320 --- [user] [           main] com.zaxxer.hikari.HikariDataSource       : HikariPool-1 - Starting...
2024-05-30T23:55:12.561+07:00  INFO 14320 --- [user] [           main] com.zaxxer.hikari.pool.HikariPool        : HikariPool-1 - Added connection com.mysql.cj.jdbc.ConnectionImpl@50f3ba6a
2024-05-30T23:55:12.563+07:00  INFO 14320 --- [user] [           main] com.zaxxer.hikari.HikariDataSource       : HikariPool-1 - Start completed.
2024-05-30T23:55:13.861+07:00  INFO 14320 --- [user] [           main] o.h.e.t.j.p.i.JtaPlatformInitiator       : HHH000489: No JTA platform available (set 'hibernate.transaction.jta.platform' to enable JTA platform integration)
2024-05-30T23:55:16.983+07:00  INFO 14320 --- [user] [           main] j.LocalContainerEntityManagerFactoryBean : Initialized JPA EntityManagerFactory for persistence unit 'default'
2024-05-30T23:55:18.129+07:00  WARN 14320 --- [user] [           main] JpaBaseConfiguration$JpaWebConfiguration : spring.jpa.open-in-view is enabled by default. Therefore, database queries may be performed during view rendering. Explicitly configure spring.jpa.open-in-view to disable this warning
2024-05-30T23:55:19.035+07:00  INFO 14320 --- [user] [           main] o.s.s.web.DefaultSecurityFilterChain     : Will secure any request with [org.springframework.security.web.session.DisableEncodeUrlFilter@12dd3501, org.springframework.security.web.context.request.async.WebAsyncManagerIntegrationFilter@4cb0e39e, org.springframework.security.web.context.SecurityContextHolderFilter@b22bebc, org.springframework.security.web.header.HeaderWriterFilter@64f1e9f8, org.springframework.web.filter.CorsFilter@650e6569, org.springframework.security.web.authentication.logout.LogoutFilter@57e35236, com.microservice.user.filter.ApiAuthorizationFilter@4a10e65b, org.springframework.security.web.savedrequest.RequestCacheAwareFilter@24c7b944, org.springframework.security.web.servletapi.SecurityContextHolderAwareRequestFilter@4a4352b4, org.springframework.security.web.authentication.AnonymousAuthenticationFilter@311eb725, org.springframework.security.web.access.ExceptionTranslationFilter@e8ce5b1, org.springframework.security.web.access.intercept.AuthorizationFilter@29ceefb3]
2024-05-30T23:55:20.002+07:00  INFO 14320 --- [user] [           main] org.mongodb.driver.client                : MongoClient with metadata {"driver": {"name": "mongo-java-driver|sync|spring-boot", "version": "4.11.2"}, "os": {"type": "Windows", "name": "Windows 11", "architecture": "amd64", "version": "10.0"}, "platform": "Java/Oracle Corporation/17.0.8+9-LTS-211"} created with settings MongoClientSettings{readPreference=primary, writeConcern=WriteConcern{w=null, wTimeout=null ms, journal=null}, retryWrites=true, retryReads=true, readConcern=ReadConcern{level=null}, credential=null, transportSettings=null, streamFactoryFactory=null, commandListeners=[], codecRegistry=ProvidersCodecRegistry{codecProviders=[ValueCodecProvider{}, BsonValueCodecProvider{}, DBRefCodecProvider{}, DBObjectCodecProvider{}, DocumentCodecProvider{}, CollectionCodecProvider{}, IterableCodecProvider{}, MapCodecProvider{}, GeoJsonCodecProvider{}, GridFSFileCodecProvider{}, Jsr310CodecProvider{}, JsonObjectCodecProvider{}, BsonCodecProvider{}, EnumCodecProvider{}, com.mongodb.client.model.mql.ExpressionCodecProvider@1277a6a1, com.mongodb.Jep395RecordCodecProvider@4fe87cb9, com.mongodb.KotlinCodecProvider@6e212f38]}, loggerSettings=LoggerSettings{maxDocumentLength=1000}, clusterSettings={hosts=[localhost:27017], srvServiceName=mongodb, mode=SINGLE, requiredClusterType=UNKNOWN, requiredReplicaSetName='null', serverSelector='null', clusterListeners='[]', serverSelectionTimeout='30000 ms', localThreshold='15 ms'}, socketSettings=SocketSettings{connectTimeoutMS=10000, readTimeoutMS=0, receiveBufferSize=0, proxySettings=ProxySettings{host=null, port=null, username=null, password=null}}, heartbeatSocketSettings=SocketSettings{connectTimeoutMS=10000, readTimeoutMS=10000, receiveBufferSize=0, proxySettings=ProxySettings{host=null, port=null, username=null, password=null}}, connectionPoolSettings=ConnectionPoolSettings{maxSize=100, minSize=0, maxWaitTimeMS=120000, maxConnectionLifeTimeMS=0, maxConnectionIdleTimeMS=0, maintenanceInitialDelayMS=0, maintenanceFrequencyMS=60000, connectionPoolListeners=[], maxConnecting=2}, serverSettings=ServerSettings{heartbeatFrequencyMS=10000, minHeartbeatFrequencyMS=500, serverListeners='[]', serverMonitorListeners='[]'}, sslSettings=SslSettings{enabled=false, invalidHostNameAllowed=false, context=null}, applicationName='null', compressorList=[], uuidRepresentation=JAVA_LEGACY, serverApi=null, autoEncryptionSettings=null, dnsClient=null, inetAddressResolver=null, contextProvider=null}
2024-05-30T23:55:20.041+07:00  INFO 14320 --- [user] [localhost:27017] org.mongodb.driver.cluster               : Monitor thread successfully connected to server with description ServerDescription{address=localhost:27017, type=STANDALONE, state=CONNECTED, ok=true, minWireVersion=0, maxWireVersion=21, maxDocumentSize=16777216, logicalSessionTimeoutMinutes=30, roundTripTimeNanos=44877899}
2024-05-30T23:55:20.891+07:00  INFO 14320 --- [user] [           main] c.m.user.SysUserApplicationTests         : Started SysUserApplicationTests in 13.313 seconds (process running for 14.188)
Hibernate: select u1_0.id,u1_0.address,u1_0.bio,u1_0.email,u1_0.image,u1_0.name,u1_0.others,u1_0.phone from user u1_0 where u1_0.email like ? escape '' and u1_0.name like ? escape '' and u1_0.email like ? escape '' limit ?,?
]]></system-out>
  </testcase>
</testsuite>